<?xml version="1.0" encoding="UTF-8"?>
<!-- Generated by org.testng.reporters.JUnitReportReporter -->
<testsuite skipped="28" hostname="DESKTOP-JK31C4D" name="testing.test.Examples" tests="29" failures="0" timestamp="10 jun 2018 21:38:59 GMT" time="2.847" errors="1">
  <testcase name="test28" time="2.847" classname="testing.test.Examples">
    <error type="java.awt.image.RasterFormatException" message="(x + width) is outside of Raster">
      <![CDATA[java.awt.image.RasterFormatException: (x + width) is outside of Raster
at sun.awt.image.ByteInterleavedRaster.createWritableChild(Unknown Source)
at java.awt.image.BufferedImage.getSubimage(Unknown Source)
at testing.test.ScreenMethod.captureElementPic(ScreenMethod.java:35)
at testing.test.Examples.test28(Examples.java:497)
at sun.reflect.NativeMethodAccessorImpl.invoke0(Native Method)
at sun.reflect.NativeMethodAccessorImpl.invoke(Unknown Source)
at sun.reflect.DelegatingMethodAccessorImpl.invoke(Unknown Source)
at java.lang.reflect.Method.invoke(Unknown Source)
at org.testng.internal.MethodInvocationHelper.invokeMethod(MethodInvocationHelper.java:124)
at org.testng.internal.Invoker.invokeMethod(Invoker.java:580)
at org.testng.internal.Invoker.invokeTestMethod(Invoker.java:716)
at org.testng.internal.Invoker.invokeTestMethods(Invoker.java:988)
at org.testng.internal.TestMethodWorker.invokeTestMethods(TestMethodWorker.java:125)
at org.testng.internal.TestMethodWorker.run(TestMethodWorker.java:109)
at org.testng.TestRunner.privateRun(TestRunner.java:648)
at org.testng.TestRunner.run(TestRunner.java:505)
at org.testng.SuiteRunner.runTest(SuiteRunner.java:455)
at org.testng.SuiteRunner.runSequentially(SuiteRunner.java:450)
at org.testng.SuiteRunner.privateRun(SuiteRunner.java:415)
at org.testng.SuiteRunner.run(SuiteRunner.java:364)
at org.testng.SuiteRunnerWorker.runSuite(SuiteRunnerWorker.java:52)
at org.testng.SuiteRunnerWorker.run(SuiteRunnerWorker.java:84)
at org.testng.TestNG.runSuitesSequentially(TestNG.java:1208)
at org.testng.TestNG.runSuitesLocally(TestNG.java:1137)
at org.testng.TestNG.runSuites(TestNG.java:1049)
at org.testng.TestNG.run(TestNG.java:1017)
at org.testng.remote.AbstractRemoteTestNG.run(AbstractRemoteTestNG.java:114)
at org.testng.remote.RemoteTestNG.initAndRun(RemoteTestNG.java:251)
at org.testng.remote.RemoteTestNG.main(RemoteTestNG.java:77)
]]>
    </error>
  </testcase> <!-- test28 -->
  <testcase name="test14" classname="testing.test.Examples">
    <skipped/>
  </testcase> <!-- test14 -->
  <testcase name="test15" classname="testing.test.Examples">
    <skipped/>
  </testcase> <!-- test15 -->
  <testcase name="test16" classname="testing.test.Examples">
    <skipped/>
  </testcase> <!-- test16 -->
  <testcase name="test10" classname="testing.test.Examples">
    <skipped/>
  </testcase> <!-- test10 -->
  <testcase name="test11" classname="testing.test.Examples">
    <skipped/>
  </testcase> <!-- test11 -->
  <testcase name="test12" classname="testing.test.Examples">
    <skipped/>
  </testcase> <!-- test12 -->
  <testcase name="test13" classname="testing.test.Examples">
    <skipped/>
  </testcase> <!-- test13 -->
  <testcase name="test18" classname="testing.test.Examples">
    <skipped/>
  </testcase> <!-- test18 -->
  <testcase name="test19" classname="testing.test.Examples">
    <skipped/>
  </testcase> <!-- test19 -->
  <testcase name="test1" classname="testing.test.Examples">
    <skipped/>
  </testcase> <!-- test1 -->
  <testcase name="testDriver" classname="testing.test.Examples">
    <skipped/>
  </testcase> <!-- testDriver -->
  <testcase name="test25" classname="testing.test.Examples">
    <skipped/>
  </testcase> <!-- test25 -->
  <testcase name="test26" classname="testing.test.Examples">
    <skipped/>
  </testcase> <!-- test26 -->
  <testcase name="test27" classname="testing.test.Examples">
    <skipped/>
  </testcase> <!-- test27 -->
  <testcase name="test21" classname="testing.test.Examples">
    <skipped/>
  </testcase> <!-- test21 -->
  <testcase name="test22" classname="testing.test.Examples">
    <skipped/>
  </testcase> <!-- test22 -->
  <testcase name="test23" classname="testing.test.Examples">
    <skipped/>
  </testcase> <!-- test23 -->
  <testcase name="test24" classname="testing.test.Examples">
    <skipped/>
  </testcase> <!-- test24 -->
  <testcase name="test20" classname="testing.test.Examples">
    <skipped/>
  </testcase> <!-- test20 -->
  <testcase name="test4" classname="testing.test.Examples">
    <skipped/>
  </testcase> <!-- test4 -->
  <testcase name="test3" classname="testing.test.Examples">
    <skipped/>
  </testcase> <!-- test3 -->
  <testcase name="test6" classname="testing.test.Examples">
    <skipped/>
  </testcase> <!-- test6 -->
  <testcase name="test17" classname="testing.test.Examples">
    <skipped/>
  </testcase> <!-- test17 -->
  <testcase name="test5" classname="testing.test.Examples">
    <skipped/>
  </testcase> <!-- test5 -->
  <testcase name="test8" classname="testing.test.Examples">
    <skipped/>
  </testcase> <!-- test8 -->
  <testcase name="test7" classname="testing.test.Examples">
    <skipped/>
  </testcase> <!-- test7 -->
  <testcase name="test9" classname="testing.test.Examples">
    <skipped/>
  </testcase> <!-- test9 -->
  <testcase name="test2" classname="testing.test.Examples">
    <skipped/>
  </testcase> <!-- test2 -->
</testsuite> <!-- testing.test.Examples -->
